18-classic-card-games-2010-nds-gamerip
1942-joint-strike-playstation-3
1942-joint-strike-xbox-360
2tax-gold-1997-saturn-gamerip
3-in-1-lion-king-5-nes
30xx-early-access-2021-pc-gamerip
30xx-pre-alpha-demo-2020-pc-gamerip
32x-pwm-test-genesis
3d-spins-macos-gamerip-unknown
3x-original-soundtrack
3x-original-soundtrack-2
3x3-eyes-dai-ichi-shou-original-soundtrack
4-elements
4-wheel-thunder-2000-dreamcast-gamerip
4.6-billion-year-story-the-theory-of-evolution
4x4-evo-2-gamecube
71me
720-nes
8bit-rpg-creator-ost
a-dance-of-fire-and-ice-windows-gamerip-2019
a-dump-in-the-dark-2018-gamerip-pc
a-pokemon-journey-2008
a-robot-named-fight-2017-gamerip
a-short-hike-ost
a3-limited-edition
ace-2-commodore-64
agci-test-cart-nes
aipd-artificial-intelligence-police-department-2016-pc-gamerip
amiga-remix-2003
amiga-remix-2004
ape-escape-3-originape-soundtracks
astlibra-revision-switch-windows-gamerip-2022
atv-offroad-fury
atv-offroad-fury-blazin-trails
atv-offroad-fury-3
atv-offroad-fury-4
av-hanafuda-club-1991-nes
av-jiu-ji-mahjong-2-nes
av-mei-shao-nv-zhan-shi-1994-nes
av-poker-1990-nes
av-soccer-1991-nes
av-strip-mahjong-1991-nes
abel-shin-mokushiroku-taisen-cd-audio-fm-towns
above-the-fallen-windows-gamerip-2017
abunai-koi-no-sousashitsu-psp
abyss-the-wraiths-of-eden-linux-macos-ps4-switch-windows-xbox-one-gamerip-2012
accel-world-vs.-sword-art-online-deluxe-edition-2017-pc-gamerip
accel-world-vs.-sword-art-online-millennium-twilight-2017-ps-vita-gamerip
acid-killer-zx-spectrum
acid-rising-gamerip
actraiser-renaissance-original-soundtrack
action-biker-commodore-64
actua-pool-psx
adventure-capitalist-original-game-soundtrack
adams-venture-origins-ps4-switch-windows-xbox-one-gamerip-2016
adorables-gamerip
adrenalin-commodore-64
adult-puzzles-pole-dancer-2021
advance-guardian-heroes-original-sound-tracks
advance-wars-dual-strike-extended-themes-ds-gamerip-2005
advanced-dungeons-dragons-hillsfar-nes
adventure-world-gamerip
aerobics-atari-8-bit
afro-samurai
after-the-end-the-harvest-gamerip
after-the-war-commodore-64
agatha-christie-and-then-there-were-none-2005-pc
agatha-christie-peril-at-end-house
age-of-chivalry-windows-gamerip-2007
age-of-empires-ii-the-age-of-kings-1999-pc-gamerip
age-of-empires-ii-the-conquerers-2000-pc-gamerip
age-of-empires-iv-2021
age-of-wonders-3
age-of-wonders-4-premium-edition-windows-gamerip-2023
age-of-wushu-windows-gamerip-2012
agent-x-ii-the-mad-profs-back-commodore-64
agent-x-ii-the-mad-profs-back-zx-spectrum
aging-cassette-snes
aground-music
aidyn-chronicles-the-first-mage-ost
air-conflicts-aces-of-world-war-ii-gamerip
air-guardians-windows-gamerip-2015
air-rade
air-rade-summer
airships-conquer-the-skies
akaya-akashiya-ayakashino-ost
akiba-s-beat-gamerip
akiba-s-beat-soundtrack
akino-arai-natsukashii-mirai
akira-original-soundtrack
akumajo-dracula-x-nocturne-in-the-moonlight-saturn-gamerip-1998
aladdin-windows-95-roland-sc-55
aladdin-2003-gba
aladdin-dos-amiga
albert-odyssey-legend-of-eldean-1996-saturn-gamerip
alice-mom-rescue-gamerip
alien-3-commodore-64
alien-hominid-flash-online-gamerip-2002
alien-swarm-reactive-drop-windows-gamerip-2017
alien-syndrome-c64
aliens-versus-predator-2-primal-hunt-gamerip
all-zombies-must-die-windows-gamerip-2011
alleyway-1989-nes
allied-general-1995-pc
allister-9-the-brimble-best
alloyrun-commodore-64
alone-in-the-dark-ps2-ps3-wii-xbox-360-gamerip-2008
alone-in-the-dark-ps2-ps3-wii-windows-xbox-360-gamerip-2008
alpha-mission-nes
alpha-mission-aso-armored-scrum-object-msx-remake
alpha-protocol-gamerip
altered-beast-commodore-64
altered-beast-genesis
alternate-party-2007-nes
america-s-test-kitchen-let-s-get-cooking-2010-nds-gamerip
american-conquest-divided-nation-windows-gamerip-2006
american-fugitive-2019-gamerip
american-gladiators-amiga
american-idol-ios-gamerip-2009
amiga-nostalgics-vol.-1
amiga-nostalgics-vol.-2
amiga-shock-force
amnesia
amnesia-a-machine-for-pigs-gamerip
amok-1997-saturn-gamerip
among-the-heavens
amorous-ost-linux-windows-gamerip-2021
amplitude-original-game-audio
amyloid-commodore-64
diablo-nes
and-yet-it-moves-demo
angel-bullet-original-soundtrack
angel-wish-kimi-no-egao-ni-chu-2005-dreamcast-gamerip
angelique-special-2-1997-saturn-gamerip
angels-of-death-angels-of-slaughter
anger-grief
anger-foot-demo-windows-gamerip-2022
angry-birds-rio
angry-birds-star-wars-android-game-music
animal-boxing-2008-nds-gamerip
animal-crossing-let-s-go-to-the-city
animal-life-australia-eurasia-north-america-dinosaurs-2010-nds-gamerip
animation-throwdown-gamerip-2016
animetal-lady-marathon-ii
animetrance
animission-no-1-cd-1
animission-no-1-cd-2
animusic-a-computer-animation-video-album
animusic-2-a-computer-animation-video-album
another-sun-2012
antigraviator-complete-score
antiphona-no-seikahime-tenshi-no-gakufu-op.a-psp
antirocketh-soundtrack
aof-world-online-gamerip
ape-escape-3-banana-heartbreak-international-versions
apex-2014-a-new-challenger-2014
apocalipsis-2018-gamerip-pc-linux-macos
apokalypsis-gamerip
aquapazza-aquaplus-dream-match-playstation-3
ar-tonelico-knell-of-ar-ciel-soundtrack
ar-tonelico-sekai-no-owari-de-shi-tsudukeru-shoujo-original-
ar-tonelico-hymmnos-musical-spica-a-heart-crafting-gift
ar-tonelico
arabian-nights-windows-gamerip-2001
arashiro-beni-beni-with-major-ed
arc-of-templar-gamerip
arcana-heart-3-2009-pc-gamerip
arcana-heart-3-2011-playstation-3-gamerip
arcana-heart-3-2011-xbox-360-gamerip
arcana-heart-3-lovemax-playstation-vita-gamerip
arcana-heart-3-lovemax-sixstars-2017-pc-gamerip
arcania-gothic-4
arch-rivals-a-basketbrawl-nes
archer-maclean-s-mercury-hg-hydrium-2005-psp
archero-mobile-gamerip
archion-defense-music-2021
architect-for-pc-jr.-nes
archlord-online
area-51-gamerip
arevan-gamerip
arkanoid-nes
arma-3-complete-soundtrack-2013
armored-warrior-iris-gamerip
armorines-project-swarm
army-men-sarge-s-heroes-2-gamerip
army-men-2-gamerip
army-men-air-tactics-gamerip
army-men-world-war-gamerip
art-of-fighting-2-ryuuko-no-ken-2-1994-neo-geo-cd
artax-commodore-64
arthur-ready-to-race-playstation
artifact-adventure-gamerip
artillery-90-commodore-64
arvale-gamerip
ascendant-ost
ashura-blaster-taito-b-system-arcade
asphalt-urban-gt-2004-n-gage
asphalt-urban-gt-2-n-gage
asphalt-urban-gt-2-2007-psp
assassin-s-creed-odyssey-gamerip
assassin-s-creed-valhalla-dawn-of-ragnarok-original-game-soundtrack-preview
assault-suit-leynos-2-1997-saturn-gamerip
astalon-tears-of-the-earth-2021
asterix-obelix-xxl-ps2
asterix-obelix-xxl-2
asterix-at-the-olympic-games-soundtrack
atelier-meruru-the-apprentice-of-arland-soundtrack
atlantis-2-beyond-atlantis-gamerip
atomic-robo-kid-commodore-64
attack-of-the-friday-monsters
attack-on-titan-2-game-gamerip
auf-wiedersehen-monty-commodore-64
aurora-memoria-philosophical-data-session-2093
australian-pioneers-amiga
autumn-christmas-releases-96-gamerip-1996-psx
avalanche-a-penguin-adventure-gamerip
avalanche-2-super-avalanche-gamerip
avex-trax-the-best-anime-themes-gold-edition
aveyond-gates-of-night-gamerip
aveyond-lord-of-twilight-gamerip
aveyond-the-lost-orb-gamerip
axis-allies-soundtrack
ayrton-senna-kart-duel-2-soundtrack
aztec-challenge-commodore-64
azur-lane-android-2017
azur-lane-crosswave-soundtrack
b.a.t.-commodore-64
b.a.t.-ii-amiga
bmb-sega-genesis-bootleg-music-collection-2023
bmx-kidz-commodore-64
bmx-simulator-atari-8-bit
bmx-simulator-commodore-64
brave-frontier-original-soundtrack-complete-box
bs-bdash-snes
bs-buster-s-digital-magazine-1998-snes
bs-cheap-de-gorgeous-snes
bs-do-re-mi-snes
bs-gal-kan-bazooka-dai-5-kan-snes
bs-gekkan-coin-toss-deck-snes
bs-goods-press-3-1997-snes
bs-goods-press-7-1998-snes
bs-nintendo-hp-5-17-1997-snes
bs-nintendo-hp-5-31-1997-snes
bs-pokekame-magajin-1997-snes
bs-saterawalker-2-1995-snes
bs-satesupudx-4-snes
bs-wapaaz-souryu-hen-1998-snes
bss-jane-seymour-federation-quest-i-ms-dos
bustafellows-soundtrack
baby-blues-commodore-64
baby-t-rex-1993-snes
babysitting-mania-2008-nds-gamerip
back-to-the-future-iii-commodore-64
backrooms-2d-android-ios-online-windows-gamerip-jun-27-2022
backyard-sports-sandlot-sluggers-2010-nds-gamerip
bad-cat-commodore-64
bad-piggies-android-ios-mobile-windows-gamerip-2012
bail-or-jail-obakeidoro-switch-windows-gamerip-2019
baldi-s-field-trip-ost
baldi-s-basics-plus
baldi-s-ost
baldr-force-exe-2004-dreamcast-gamerip
ball-crazy-commodore-64
ball-fever-commodore-64
ball-revamped-1-5-duo-1-2-ost
ball-blasta-commodore-64
ballad-of-solar-gamerip
ballistics-pc
balsa-model-flight-simulator
banjo-kazooie-nuts-and-bolts-2008-x360-gamerip
banjo-kazooie-beta
